Generated at 2013-07-04 19:37:13 +0300
Chef::Exceptions::Mount: mount[/mnt/data_joliss] (op::default line 9) had an error: Chef::Exceptions::Mount: Device data_joliss does not exist
/usr/local/lib/ruby/gems/1.9.1/gems/chef-11.4.4/lib/chef/provider/mount/mount.rb:46:in `mountable?'
/usr/local/lib/ruby/gems/1.9.1/gems/chef-11.4.4/lib/chef/provider/mount/mount.rb:93:in `mount_fs'
/usr/local/lib/ruby/gems/1.9.1/gems/chef-11.4.4/lib/chef/provider/mount.rb:41:in `block in action_mount'
/usr/local/lib/ruby/gems/1.9.1/gems/chef-11.4.4/lib/chef/mixin/why_run.rb:52:in `call'
/usr/local/lib/ruby/gems/1.9.1/gems/chef-11.4.4/lib/chef/mixin/why_run.rb:52:in `add_action'
/usr/local/lib/ruby/gems/1.9.1/gems/chef-11.4.4/lib/chef/provider.rb:151:in `converge_by'
/usr/local/lib/ruby/gems/1.9.1/gems/chef-11.4.4/lib/chef/provider/mount.rb:40:in `action_mount'
/usr/local/lib/ruby/gems/1.9.1/gems/chef-11.4.4/lib/chef/provider.rb:114:in `run_action'
/usr/local/lib/ruby/gems/1.9.1/gems/chef-11.4.4/lib/chef/resource.rb:606:in `run_action'
/usr/local/lib/ruby/gems/1.9.1/gems/chef-11.4.4/lib/chef/runner.rb:50:in `run_action'
/usr/local/lib/ruby/gems/1.9.1/gems/chef-11.4.4/lib/chef/runner.rb:82:in `block (2 levels) in converge'
/usr/local/lib/ruby/gems/1.9.1/gems/chef-11.4.4/lib/chef/runner.rb:82:in `each'
/usr/local/lib/ruby/gems/1.9.1/gems/chef-11.4.4/lib/chef/runner.rb:82:in `block in converge'
/usr/local/lib/ruby/gems/1.9.1/gems/chef-11.4.4/lib/chef/resource_collection.rb:94:in `block in execute_each_resource'
/usr/local/lib/ruby/gems/1.9.1/gems/chef-11.4.4/lib/chef/resource_collection/stepable_iterator.rb:116:in `call'
/usr/local/lib/ruby/gems/1.9.1/gems/chef-11.4.4/lib/chef/resource_collection/stepable_iterator.rb:116:in `call_iterator_block'
/usr/local/lib/ruby/gems/1.9.1/gems/chef-11.4.4/lib/chef/resource_collection/stepable_iterator.rb:85:in `step'
/usr/local/lib/ruby/gems/1.9.1/gems/chef-11.4.4/lib/chef/resource_collection/stepable_iterator.rb:104:in `iterate'
/usr/local/lib/ruby/gems/1.9.1/gems/chef-11.4.4/lib/chef/resource_collection/stepable_iterator.rb:55:in `each_with_index'
/usr/local/lib/ruby/gems/1.9.1/gems/chef-11.4.4/lib/chef/resource_collection.rb:92:in `execute_each_resource'
/usr/local/lib/ruby/gems/1.9.1/gems/chef-11.4.4/lib/chef/runner.rb:81:in `converge'
/usr/local/lib/ruby/gems/1.9.1/gems/chef-11.4.4/lib/chef/client.rb:404:in `converge'
/usr/local/lib/ruby/gems/1.9.1/gems/chef-11.4.4/lib/chef/client.rb:469:in `do_run'
/usr/local/lib/ruby/gems/1.9.1/gems/chef-11.4.4/lib/chef/client.rb:200:in `run'
/usr/local/lib/ruby/gems/1.9.1/gems/chef-11.4.4/lib/chef/application.rb:190:in `run_chef_client'
/usr/local/lib/ruby/gems/1.9.1/gems/chef-11.4.4/lib/chef/application/solo.rb:239:in `block in run_application'
/usr/local/lib/ruby/gems/1.9.1/gems/chef-11.4.4/lib/chef/application/solo.rb:231:in `loop'
/usr/local/lib/ruby/gems/1.9.1/gems/chef-11.4.4/lib/chef/application/solo.rb:231:in `run_application'
/usr/local/lib/ruby/gems/1.9.1/gems/chef-11.4.4/lib/chef/application.rb:73:in `run'
/usr/local/lib/ruby/gems/1.9.1/gems/chef-11.4.4/bin/chef-solo:25:in `<top (required)>'
/usr/local/bin/chef-solo:19:in `load'
/usr/local/bin/chef-solo:19:in `<main>'